TN:
SF:src/Modificacion/addreduce.ts
FN:11,(anonymous_0)
FN:19,(anonymous_1)
FN:21,(anonymous_2)
FN:32,(anonymous_3)
FNF:4
FNH:4
FNDA:1,(anonymous_0)
FNDA:1,(anonymous_1)
FNDA:4,(anonymous_2)
FNDA:1,(anonymous_3)
DA:1,1
DA:6,1
DA:12,1
DA:20,1
DA:21,1
DA:22,4
DA:25,1
DA:26,1
DA:33,1
LF:9
LH:9
BRF:0
BRH:0
end_of_record
TN:
SF:src/Modificacion/modificacion.ts
FN:9,(anonymous_0)
FN:15,(anonymous_1)
FN:37,(anonymous_2)
FN:45,(anonymous_3)
FN:47,(anonymous_4)
FN:54,(anonymous_5)
FNF:6
FNH:5
FNDA:3,(anonymous_0)
FNDA:3,(anonymous_1)
FNDA:3,(anonymous_2)
FNDA:3,(anonymous_3)
FNDA:12,(anonymous_4)
FNDA:0,(anonymous_5)
DA:4,1
DA:9,3
DA:17,3
DA:19,3
DA:21,3
DA:24,3
DA:26,3
DA:38,3
DA:46,3
DA:47,12
DA:48,3
LF:11
LH:11
BRF:0
BRH:0
end_of_record
TN:
SF:src/Modificacion/restreduce.ts
FN:11,(anonymous_0)
FN:19,(anonymous_1)
FN:21,(anonymous_2)
FN:32,(anonymous_3)
FNF:4
FNH:4
FNDA:2,(anonymous_0)
FNDA:2,(anonymous_1)
FNDA:8,(anonymous_2)
FNDA:2,(anonymous_3)
DA:1,1
DA:6,1
DA:12,2
DA:20,2
DA:21,2
DA:22,8
DA:25,2
DA:26,2
DA:33,2
LF:9
LH:9
BRF:0
BRH:0
end_of_record
TN:
SF:src/Notas/imprimirNota.ts
FN:4,(anonymous_0)
FN:5,(anonymous_1)
FNF:2
FNH:2
FNDA:3,(anonymous_0)
FNDA:3,(anonymous_1)
DA:3,1
DA:4,3
DA:6,3
DA:11,3
DA:12,3
LF:5
LH:5
BRF:0
BRH:0
end_of_record
TN:
SF:src/Notas/manejarNotas.ts
FN:7,(anonymous_0)
FN:25,(anonymous_1)
FN:36,(anonymous_2)
FN:48,(anonymous_3)
FN:51,(anonymous_4)
FN:64,(anonymous_5)
FNF:6
FNH:6
FNDA:2,(anonymous_0)
FNDA:2,(anonymous_1)
FNDA:2,(anonymous_2)
FNDA:2,(anonymous_3)
FNDA:1,(anonymous_4)
FNDA:2,(anonymous_5)
DA:1,1
DA:2,1
DA:3,1
DA:4,1
DA:6,1
DA:8,2
DA:9,1
DA:10,1
DA:14,2
DA:15,2
DA:16,1
DA:17,1
DA:18,1
DA:20,1
DA:21,1
DA:26,2
DA:27,1
DA:28,1
DA:29,1
DA:31,1
DA:32,1
DA:37,2
DA:38,1
DA:39,1
DA:40,1
DA:41,1
DA:43,1
DA:44,1
DA:49,2
DA:51,1
DA:52,1
DA:53,1
DA:54,1
DA:55,1
DA:57,1
DA:59,1
DA:60,1
DA:65,2
DA:66,1
DA:67,1
DA:68,1
DA:69,1
DA:70,1
DA:71,1
DA:73,1
DA:74,1
LF:46
LH:46
BRDA:8,0,0,1
BRDA:8,0,1,1
BRDA:15,1,0,1
BRDA:15,1,1,1
BRDA:26,2,0,1
BRDA:26,2,1,1
BRDA:37,3,0,1
BRDA:37,3,1,1
BRDA:49,4,0,1
BRDA:49,4,1,1
BRDA:49,5,0,2
BRDA:49,5,1,1
BRDA:65,6,0,1
BRDA:65,6,1,1
BRF:14
BRH:14
end_of_record
TN:
SF:src/Notas/notas.ts
FN:6,(anonymous_0)
FN:8,(anonymous_1)
FN:12,(anonymous_2)
FN:16,(anonymous_3)
FN:20,(anonymous_4)
FN:24,(anonymous_5)
FN:28,(anonymous_6)
FNF:7
FNH:7
FNDA:6,(anonymous_0)
FNDA:7,(anonymous_1)
FNDA:6,(anonymous_2)
FNDA:8,(anonymous_3)
FNDA:1,(anonymous_4)
FNDA:1,(anonymous_5)
FNDA:1,(anonymous_6)
DA:5,1
DA:6,6
DA:9,7
DA:13,6
DA:17,8
DA:21,1
DA:25,1
DA:29,1
LF:8
LH:8
BRF:0
BRH:0
end_of_record
