TN:
SF:src/addreduce.ts
FN:11,(anonymous_0)
FN:19,(anonymous_1)
FN:21,(anonymous_2)
FN:32,(anonymous_3)
FNF:4
FNH:4
FNDA:1,(anonymous_0)
FNDA:1,(anonymous_1)
FNDA:4,(anonymous_2)
FNDA:1,(anonymous_3)
DA:1,1
DA:6,1
DA:12,1
DA:20,1
DA:21,1
DA:22,4
DA:25,1
DA:26,1
DA:33,1
LF:9
LH:9
BRF:0
BRH:0
end_of_record
TN:
SF:src/modificacion.ts
FN:10,(anonymous_0)
FN:16,(anonymous_1)
FN:38,(anonymous_2)
FN:46,(anonymous_3)
FN:48,(anonymous_4)
FN:55,(anonymous_5)
FNF:6
FNH:5
FNDA:2,(anonymous_0)
FNDA:2,(anonymous_1)
FNDA:2,(anonymous_2)
FNDA:2,(anonymous_3)
FNDA:8,(anonymous_4)
FNDA:0,(anonymous_5)
DA:5,1
DA:10,2
DA:18,2
DA:20,2
DA:22,2
DA:25,2
DA:27,2
DA:39,2
DA:47,2
DA:48,8
DA:49,2
LF:11
LH:11
BRF:0
BRH:0
end_of_record
TN:
SF:src/restreduce.ts
FN:11,(anonymous_0)
FN:19,(anonymous_1)
FN:21,(anonymous_2)
FN:32,(anonymous_3)
FNF:4
FNH:4
FNDA:1,(anonymous_0)
FNDA:1,(anonymous_1)
FNDA:4,(anonymous_2)
FNDA:1,(anonymous_3)
DA:1,1
DA:6,1
DA:12,1
DA:20,1
DA:21,1
DA:22,4
DA:25,1
DA:26,1
DA:33,1
LF:9
LH:9
BRF:0
BRH:0
end_of_record
